<?xml version="1.0" encoding="UTF-8"?>
<coverage generated="1647034241463" clover="3.2.0">
  <project timestamp="1647034241464" name="All files">
    <metrics statements="43" coveredstatements="22" conditionals="10" coveredconditionals="5" methods="18" coveredmethods="6" elements="71" coveredelements="33" complexity="0" loc="43" ncloc="43" packages="1" files="5" classes="5"/>
    <file name="LoginForm.js" path="C:\Users\tomin\Desktop\Programacion\FullStackOpen\notes\client\src\components\LoginForm.js">
      <metrics statements="10" coveredstatements="0" conditionals="0" coveredconditionals="0" methods="4" coveredmethods="0"/>
      <line num="5" count="0" type="stmt"/>
      <line num="6" count="0" type="stmt"/>
      <line num="7" count="0" type="stmt"/>
      <line num="9" count="0" type="stmt"/>
      <line num="12" count="0" type="stmt"/>
      <line num="13" count="0" type="stmt"/>
      <line num="14" count="0" type="stmt"/>
      <line num="21" count="0" type="stmt"/>
      <line num="26" count="0" type="stmt"/>
      <line num="35" count="0" type="stmt"/>
    </file>
    <file name="Note.js" path="C:\Users\tomin\Desktop\Programacion\FullStackOpen\notes\client\src\components\Note.js">
      <metrics statements="3" coveredstatements="3" conditionals="2" coveredconditionals="1" methods="1" coveredmethods="1"/>
      <line num="4" count="1" type="stmt"/>
      <line num="5" count="2" type="cond" truecount="1" falsecount="1"/>
      <line num="7" count="2" type="stmt"/>
    </file>
    <file name="NotesViewer.js" path="C:\Users\tomin\Desktop\Programacion\FullStackOpen\notes\client\src\components\NotesViewer.js">
      <metrics statements="10" coveredstatements="0" conditionals="4" coveredconditionals="0" methods="7" coveredmethods="0"/>
      <line num="5" count="0" type="stmt"/>
      <line num="6" count="0" type="stmt"/>
      <line num="7" count="0" type="cond" truecount="0" falsecount="2"/>
      <line num="9" count="0" type="stmt"/>
      <line num="10" count="0" type="stmt"/>
      <line num="11" count="0" type="stmt"/>
      <line num="12" count="0" type="stmt"/>
      <line num="15" count="0" type="stmt"/>
      <line num="21" count="0" type="stmt"/>
      <line num="30" count="0" type="stmt"/>
    </file>
    <file name="SaveNoteForm.js" path="C:\Users\tomin\Desktop\Programacion\FullStackOpen\notes\client\src\components\SaveNoteForm.js">
      <metrics statements="9" coveredstatements="9" conditionals="0" coveredconditionals="0" methods="3" coveredmethods="3"/>
      <line num="5" count="1" type="stmt"/>
      <line num="6" count="19" type="stmt"/>
      <line num="8" count="19" type="stmt"/>
      <line num="9" count="1" type="stmt"/>
      <line num="10" count="1" type="stmt"/>
      <line num="14" count="1" type="stmt"/>
      <line num="15" count="1" type="stmt"/>
      <line num="18" count="19" type="stmt"/>
      <line num="20" count="17" type="stmt"/>
    </file>
    <file name="Togglable.js" path="C:\Users\tomin\Desktop\Programacion\FullStackOpen\notes\client\src\components\Togglable.js">
      <metrics statements="11" coveredstatements="10" conditionals="4" coveredconditionals="4" methods="3" coveredmethods="2"/>
      <line num="5" count="1" type="stmt"/>
      <line num="6" count="7" type="stmt"/>
      <line num="8" count="7" type="cond" truecount="2" falsecount="0"/>
      <line num="9" count="7" type="cond" truecount="2" falsecount="0"/>
      <line num="11" count="7" type="stmt"/>
      <line num="12" count="3" type="stmt"/>
      <line num="15" count="7" type="stmt"/>
      <line num="16" count="0" type="stmt"/>
      <line num="19" count="7" type="stmt"/>
      <line num="35" count="1" type="stmt"/>
      <line num="37" count="1" type="stmt"/>
    </file>
  </project>
</coverage>
