{"C:\\Users\\tomin\\Desktop\\Programacion\\FullStackOpen\\notes\\client\\src\\components\\LoginForm.js": {"path":"C:\\Users\\tomin\\Desktop\\Programacion\\FullStackOpen\\notes\\client\\src\\components\\LoginForm.js","statementMap":{"0":{"start":{"line":5,"column":18},"end":{"line":33,"column":1}},"1":{"start":{"line":6,"column":34},"end":{"line":6,"column":46}},"2":{"start":{"line":7,"column":34},"end":{"line":7,"column":46}},"3":{"start":{"line":9,"column":2},"end":{"line":32,"column":4}},"4":{"start":{"line":12,"column":8},"end":{"line":12,"column":67}},"5":{"start":{"line":13,"column":8},"end":{"line":13,"column":24}},"6":{"start":{"line":14,"column":8},"end":{"line":14,"column":24}},"7":{"start":{"line":21,"column":109},"end":{"line":21,"column":134}},"8":{"start":{"line":26,"column":113},"end":{"line":26,"column":138}},"9":{"start":{"line":35,"column":0},"end":{"line":37,"column":2}}},"fnMap":{"0":{"name":"(anonymous_0)","decl":{"start":{"line":5,"column":18},"end":{"line":5,"column":19}},"loc":{"start":{"line":5,"column":39},"end":{"line":33,"column":1}},"line":5},"1":{"name":"(anonymous_1)","decl":{"start":{"line":11,"column":16},"end":{"line":11,"column":17}},"loc":{"start":{"line":11,"column":23},"end":{"line":15,"column":7}},"line":11},"2":{"name":"(anonymous_2)","decl":{"start":{"line":21,"column":93},"end":{"line":21,"column":94}},"loc":{"start":{"line":21,"column":109},"end":{"line":21,"column":134}},"line":21},"3":{"name":"(anonymous_3)","decl":{"start":{"line":26,"column":97},"end":{"line":26,"column":98}},"loc":{"start":{"line":26,"column":113},"end":{"line":26,"column":138}},"line":26}},"branchMap":{},"s":{"0":0,"1":0,"2":0,"3":0,"4":0,"5":0,"6":0,"7":0,"8":0,"9":0},"f":{"0":0,"1":0,"2":0,"3":0},"b":{}}
,"C:\\Users\\tomin\\Desktop\\Programacion\\FullStackOpen\\notes\\client\\src\\components\\Note.js": {"path":"C:\\Users\\tomin\\Desktop\\Programacion\\FullStackOpen\\notes\\client\\src\\components\\Note.js","statementMap":{"0":{"start":{"line":4,"column":13},"end":{"line":17,"column":1}},"1":{"start":{"line":5,"column":16},"end":{"line":5,"column":72}},"2":{"start":{"line":7,"column":2},"end":{"line":16,"column":4}}},"fnMap":{"0":{"name":"(anonymous_0)","decl":{"start":{"line":4,"column":13},"end":{"line":4,"column":14}},"loc":{"start":{"line":4,"column":45},"end":{"line":17,"column":1}},"line":4}},"branchMap":{"0":{"loc":{"start":{"line":5,"column":16},"end":{"line":5,"column":72}},"type":"cond-expr","locations":[{"start":{"line":5,"column":33},"end":{"line":5,"column":53}},{"start":{"line":5,"column":56},"end":{"line":5,"column":72}}],"line":5}},"s":{"0":1,"1":2,"2":2},"f":{"0":2},"b":{"0":[2,0]},"_coverageSchema":"1a1c01bbd47fc00a2c39e90264f33305004495a9","hash":"8a7b18c8c771abacddd8f172a33859213fabe3f1"}
,"C:\\Users\\tomin\\Desktop\\Programacion\\FullStackOpen\\notes\\client\\src\\components\\NotesViewer.js": {"path":"C:\\Users\\tomin\\Desktop\\Programacion\\FullStackOpen\\notes\\client\\src\\components\\NotesViewer.js","statementMap":{"0":{"start":{"line":5,"column":20},"end":{"line":36,"column":1}},"1":{"start":{"line":6,"column":32},"end":{"line":6,"column":46}},"2":{"start":{"line":7,"column":22},"end":{"line":7,"column":78}},"3":{"start":{"line":7,"column":63},"end":{"line":7,"column":77}},"4":{"start":{"line":9,"column":29},"end":{"line":13,"column":3}},"5":{"start":{"line":10,"column":17},"end":{"line":10,"column":47}},"6":{"start":{"line":10,"column":35},"end":{"line":10,"column":46}},"7":{"start":{"line":11,"column":24},"end":{"line":11,"column":63}},"8":{"start":{"line":12,"column":4},"end":{"line":12,"column":28}},"9":{"start":{"line":15,"column":2},"end":{"line":35,"column":4}},"10":{"start":{"line":21,"column":55},"end":{"line":21,"column":75}},"11":{"start":{"line":30,"column":12},"end":{"line":30,"column":107}},"12":{"start":{"line":30,"column":75},"end":{"line":30,"column":102}}},"fnMap":{"0":{"name":"(anonymous_0)","decl":{"start":{"line":5,"column":20},"end":{"line":5,"column":21}},"loc":{"start":{"line":5,"column":47},"end":{"line":36,"column":1}},"line":5},"1":{"name":"(anonymous_1)","decl":{"start":{"line":7,"column":53},"end":{"line":7,"column":54}},"loc":{"start":{"line":7,"column":63},"end":{"line":7,"column":77}},"line":7},"2":{"name":"(anonymous_2)","decl":{"start":{"line":9,"column":29},"end":{"line":9,"column":30}},"loc":{"start":{"line":9,"column":37},"end":{"line":13,"column":3}},"line":9},"3":{"name":"(anonymous_3)","decl":{"start":{"line":10,"column":28},"end":{"line":10,"column":29}},"loc":{"start":{"line":10,"column":35},"end":{"line":10,"column":46}},"line":10},"4":{"name":"(anonymous_4)","decl":{"start":{"line":21,"column":49},"end":{"line":21,"column":50}},"loc":{"start":{"line":21,"column":55},"end":{"line":21,"column":75}},"line":21},"5":{"name":"(anonymous_5)","decl":{"start":{"line":29,"column":27},"end":{"line":29,"column":28}},"loc":{"start":{"line":29,"column":37},"end":{"line":31,"column":11}},"line":29},"6":{"name":"(anonymous_6)","decl":{"start":{"line":30,"column":69},"end":{"line":30,"column":70}},"loc":{"start":{"line":30,"column":75},"end":{"line":30,"column":102}},"line":30}},"branchMap":{"0":{"loc":{"start":{"line":7,"column":22},"end":{"line":7,"column":78}},"type":"cond-expr","locations":[{"start":{"line":7,"column":32},"end":{"line":7,"column":37}},{"start":{"line":7,"column":40},"end":{"line":7,"column":78}}],"line":7},"1":{"loc":{"start":{"line":22,"column":20},"end":{"line":22,"column":49}},"type":"cond-expr","locations":[{"start":{"line":22,"column":30},"end":{"line":22,"column":41}},{"start":{"line":22,"column":44},"end":{"line":22,"column":49}}],"line":22}},"s":{"0":0,"1":0,"2":0,"3":0,"4":0,"5":0,"6":0,"7":0,"8":0,"9":0,"10":0,"11":0,"12":0},"f":{"0":0,"1":0,"2":0,"3":0,"4":0,"5":0,"6":0},"b":{"0":[0,0],"1":[0,0]}}
,"C:\\Users\\tomin\\Desktop\\Programacion\\FullStackOpen\\notes\\client\\src\\components\\SaveNoteForm.js": {"path":"C:\\Users\\tomin\\Desktop\\Programacion\\FullStackOpen\\notes\\client\\src\\components\\SaveNoteForm.js","statementMap":{"0":{"start":{"line":5,"column":21},"end":{"line":27,"column":1}},"1":{"start":{"line":6,"column":32},"end":{"line":6,"column":44}},"2":{"start":{"line":8,"column":21},"end":{"line":16,"column":3}},"3":{"start":{"line":9,"column":4},"end":{"line":9,"column":23}},"4":{"start":{"line":10,"column":23},"end":{"line":13,"column":5}},"5":{"start":{"line":14,"column":4},"end":{"line":14,"column":24}},"6":{"start":{"line":15,"column":4},"end":{"line":15,"column":19}},"7":{"start":{"line":18,"column":2},"end":{"line":26,"column":4}},"8":{"start":{"line":20,"column":71},"end":{"line":20,"column":97}}},"fnMap":{"0":{"name":"(anonymous_0)","decl":{"start":{"line":5,"column":21},"end":{"line":5,"column":22}},"loc":{"start":{"line":5,"column":38},"end":{"line":27,"column":1}},"line":5},"1":{"name":"(anonymous_1)","decl":{"start":{"line":8,"column":21},"end":{"line":8,"column":22}},"loc":{"start":{"line":8,"column":28},"end":{"line":16,"column":3}},"line":8},"2":{"name":"(anonymous_2)","decl":{"start":{"line":20,"column":64},"end":{"line":20,"column":65}},"loc":{"start":{"line":20,"column":71},"end":{"line":20,"column":97}},"line":20}},"branchMap":{},"s":{"0":1,"1":19,"2":19,"3":1,"4":1,"5":1,"6":1,"7":19,"8":17},"f":{"0":19,"1":1,"2":17},"b":{},"_coverageSchema":"1a1c01bbd47fc00a2c39e90264f33305004495a9","hash":"d9601e023e869f046ac283edf63c4b6548f09379"}
,"C:\\Users\\tomin\\Desktop\\Programacion\\FullStackOpen\\notes\\client\\src\\components\\Togglable.js": {"path":"C:\\Users\\tomin\\Desktop\\Programacion\\FullStackOpen\\notes\\client\\src\\components\\Togglable.js","statementMap":{"0":{"start":{"line":5,"column":18},"end":{"line":34,"column":2}},"1":{"start":{"line":6,"column":32},"end":{"line":6,"column":47}},"2":{"start":{"line":8,"column":26},"end":{"line":8,"column":60}},"3":{"start":{"line":9,"column":26},"end":{"line":9,"column":60}},"4":{"start":{"line":11,"column":27},"end":{"line":13,"column":3}},"5":{"start":{"line":12,"column":4},"end":{"line":12,"column":25}},"6":{"start":{"line":15,"column":2},"end":{"line":17,"column":5}},"7":{"start":{"line":16,"column":4},"end":{"line":16,"column":32}},"8":{"start":{"line":19,"column":2},"end":{"line":33,"column":4}},"9":{"start":{"line":35,"column":0},"end":{"line":35,"column":36}},"10":{"start":{"line":37,"column":0},"end":{"line":40,"column":2}}},"fnMap":{"0":{"name":"(anonymous_0)","decl":{"start":{"line":5,"column":29},"end":{"line":5,"column":30}},"loc":{"start":{"line":5,"column":77},"end":{"line":34,"column":1}},"line":5},"1":{"name":"(anonymous_1)","decl":{"start":{"line":11,"column":27},"end":{"line":11,"column":28}},"loc":{"start":{"line":11,"column":33},"end":{"line":13,"column":3}},"line":11},"2":{"name":"(anonymous_2)","decl":{"start":{"line":15,"column":27},"end":{"line":15,"column":28}},"loc":{"start":{"line":15,"column":33},"end":{"line":17,"column":3}},"line":15}},"branchMap":{"0":{"loc":{"start":{"line":8,"column":37},"end":{"line":8,"column":58}},"type":"cond-expr","locations":[{"start":{"line":8,"column":47},"end":{"line":8,"column":53}},{"start":{"line":8,"column":56},"end":{"line":8,"column":58}}],"line":8},"1":{"loc":{"start":{"line":9,"column":37},"end":{"line":9,"column":58}},"type":"cond-expr","locations":[{"start":{"line":9,"column":47},"end":{"line":9,"column":49}},{"start":{"line":9,"column":52},"end":{"line":9,"column":58}}],"line":9}},"s":{"0":1,"1":7,"2":7,"3":7,"4":7,"5":3,"6":7,"7":0,"8":7,"9":1,"10":1},"f":{"0":7,"1":3,"2":0},"b":{"0":[2,5],"1":[2,5]},"_coverageSchema":"1a1c01bbd47fc00a2c39e90264f33305004495a9","hash":"e5f0b1e5f4d87968269df2dad21793e8a54017e6"}
}
