TN:
SF:src\components\LoginForm.js
FN:5,(anonymous_0)
FN:11,(anonymous_1)
FN:21,(anonymous_2)
FN:26,(anonymous_3)
FNF:4
FNH:0
FNDA:0,(anonymous_0)
FNDA:0,(anonymous_1)
FNDA:0,(anonymous_2)
FNDA:0,(anonymous_3)
DA:5,0
DA:6,0
DA:7,0
DA:9,0
DA:12,0
DA:13,0
DA:14,0
DA:21,0
DA:26,0
DA:35,0
LF:10
LH:0
BRF:0
BRH:0
end_of_record
TN:
SF:src\components\Note.js
FN:4,(anonymous_0)
FNF:1
FNH:1
FNDA:2,(anonymous_0)
DA:4,1
DA:5,2
DA:7,2
LF:3
LH:3
BRDA:5,0,0,2
BRDA:5,0,1,0
BRF:2
BRH:1
end_of_record
TN:
SF:src\components\NotesViewer.js
FN:5,(anonymous_0)
FN:7,(anonymous_1)
FN:9,(anonymous_2)
FN:10,(anonymous_3)
FN:21,(anonymous_4)
FN:29,(anonymous_5)
FN:30,(anonymous_6)
FNF:7
FNH:0
FNDA:0,(anonymous_0)
FNDA:0,(anonymous_1)
FNDA:0,(anonymous_2)
FNDA:0,(anonymous_3)
FNDA:0,(anonymous_4)
FNDA:0,(anonymous_5)
FNDA:0,(anonymous_6)
DA:5,0
DA:6,0
DA:7,0
DA:9,0
DA:10,0
DA:11,0
DA:12,0
DA:15,0
DA:21,0
DA:30,0
LF:10
LH:0
BRDA:7,0,0,0
BRDA:7,0,1,0
BRDA:22,1,0,0
BRDA:22,1,1,0
BRF:4
BRH:0
end_of_record
TN:
SF:src\components\SaveNoteForm.js
FN:5,(anonymous_0)
FN:8,(anonymous_1)
FN:20,(anonymous_2)
FNF:3
FNH:3
FNDA:19,(anonymous_0)
FNDA:1,(anonymous_1)
FNDA:17,(anonymous_2)
DA:5,1
DA:6,19
DA:8,19
DA:9,1
DA:10,1
DA:14,1
DA:15,1
DA:18,19
DA:20,17
LF:9
LH:9
BRF:0
BRH:0
end_of_record
TN:
SF:src\components\Togglable.js
FN:5,(anonymous_0)
FN:11,(anonymous_1)
FN:15,(anonymous_2)
FNF:3
FNH:2
FNDA:7,(anonymous_0)
FNDA:3,(anonymous_1)
FNDA:0,(anonymous_2)
DA:5,1
DA:6,7
DA:8,7
DA:9,7
DA:11,7
DA:12,3
DA:15,7
DA:16,0
DA:19,7
DA:35,1
DA:37,1
LF:11
LH:10
BRDA:8,0,0,2
BRDA:8,0,1,5
BRDA:9,1,0,2
BRDA:9,1,1,5
BRF:4
BRH:4
end_of_record
